开始爬取
第1页***
正在爬取链接：http://law1.law-star.com/search?kw=劳动法&dbt=chl&dbt=lar&ps=50&sort=imp&p=1
正在爬取链接：http://law1.law-star.com/law?fn=chl565s438.txt&truetag=2193&titles=%E5%8A%B3%E5%8A%A8%E6%B3%95&contents=&dbt=chl
正在爬取链接：http://law1.law-star.com/law?fn=chl565s566.txt&truetag=2200&titles=%E5%8A%B3%E5%8A%A8%E6%B3%95&contents=&dbt=chl
正在爬取链接：http://law1.law-star.com/law?fn=chl376s629.txt&truetag=1916&titles=%E5%8A%B3%E5%8A%A8%E6%B3%95&contents=&dbt=chl
正在爬取链接：http://law1.law-star.com/law?fn=chl048s025.txt&truetag=1917&titles=%E5%8A%B3%E5%8A%A8%E6%B3%95&contents=&dbt=chl
正在爬取链接：http://law1.law-star.com/law?fn=chl062s087.txt&truetag=1813&titles=%E5%8A%B3%E5%8A%A8%E6%B3%95&contents=&dbt=chl
正在爬取链接：http://law1.law-star.com/law?fn=chl327s486.txt&truetag=2&titles=%E5%8A%B3%E5%8A%A8%E6%B3%95&contents=&dbt=chl
正在爬取链接：http://law1.law-star.com/law?fn=chl137s090.txt&truetag=1880&titles=%E5%8A%B3%E5%8A%A8%E6%B3%95&contents=&dbt=chl
正在爬取链接：http://law1.law-star.com/law?fn=chl341s502.txt&truetag=2&titles=%E5%8A%B3%E5%8A%A8%E6%B3%95&contents=&dbt=chl
正在爬取链接：http://law1.law-star.com/law?fn=chl085s029.txt&truetag=1831&titles=%E5%8A%B3%E5%8A%A8%E6%B3%95&contents=&dbt=chl
正在爬取链接：http://law1.law-star.com/law?fn=chl074s053.txt&truetag=1917&titles=%E5%8A%B3%E5%8A%A8%E6%B3%95&contents=&dbt=chl
正在爬取链接：http://law1.law-star.com/law?fn=chl072s044.txt&truetag=1818&titles=%E5%8A%B3%E5%8A%A8%E6%B3%95&contents=&dbt=chl
正在爬取链接：http://law1.law-star.com/law?fn=chl267s101.txt&truetag=1917&titles=%E5%8A%B3%E5%8A%A8%E6%B3%95&contents=&dbt=chl
正在爬取链接：http://law1.law-star.com/law?fn=chl515s227.txt&truetag=1917&titles=%E5%8A%B3%E5%8A%A8%E6%B3%95&contents=&dbt=chl
正在爬取链接：http://law1.law-star.com/law?fn=chl062s082.txt&truetag=1813&titles=%E5%8A%B3%E5%8A%A8%E6%B3%95&contents=&dbt=chl
正在爬取链接：http://law1.law-star.com/law?fn=chl332s241.txt&truetag=2&titles=%E5%8A%B3%E5%8A%A8%E6%B3%95&contents=&dbt=chl
正在爬取链接：http://law1.law-star.com/law?fn=chl061s163.txt&truetag=1813&titles=%E5%8A%B3%E5%8A%A8%E6%B3%95&contents=&dbt=chl
正在爬取链接：http://law1.law-star.com/law?fn=chl067s007.txt&truetag=1816&titles=%E5%8A%B3%E5%8A%A8%E6%B3%95&contents=&dbt=chl
正在爬取链接：http://law1.law-star.com/law?fn=chl061s078.txt&truetag=1917&titles=%E5%8A%B3%E5%8A%A8%E6%B3%95&contents=&dbt=chl
正在爬取链接：http://law1.law-star.com/law?fn=chl141s061.txt&truetag=1881&titles=%E5%8A%B3%E5%8A%A8%E6%B3%95&contents=&dbt=chl
正在爬取链接：http://law1.law-star.com/law?fn=chl060s127.txt&truetag=1917&titles=%E5%8A%B3%E5%8A%A8%E6%B3%95&contents=&dbt=chl
正在爬取链接：http://law1.law-star.com/law?fn=chl515s657.txt&truetag=1917&titles=%E5%8A%B3%E5%8A%A8%E6%B3%95&contents=&dbt=chl
正在爬取链接：http://law1.law-star.com/law?fn=chl056s066.txt&truetag=1917&titles=%E5%8A%B3%E5%8A%A8%E6%B3%95&contents=&dbt=chl
正在爬取链接：http://law1.law-star.com/law?fn=chl057s032.txt&truetag=1811&titles=%E5%8A%B3%E5%8A%A8%E6%B3%95&contents=&dbt=chl
正在爬取链接：http://law1.law-star.com/law?fn=chl310s166.txt&truetag=8&titles=%E5%8A%B3%E5%8A%A8%E6%B3%95&contents=&dbt=chl
正在爬取链接：http://law1.law-star.com/law?fn=chl339s885.txt&truetag=1917&titles=%E5%8A%B3%E5%8A%A8%E6%B3%95&contents=&dbt=chl
正在爬取链接：http://law1.law-star.com/law?fn=chl053s181.txt&truetag=1808&titles=%E5%8A%B3%E5%8A%A8%E6%B3%95&contents=&dbt=chl
正在爬取链接：http://law1.law-star.com/law?fn=chl053s180.txt&truetag=1808&titles=%E5%8A%B3%E5%8A%A8%E6%B3%95&contents=&dbt=chl
正在爬取链接：http://law1.law-star.com/law?fn=chl052s131.txt&truetag=1806&titles=%E5%8A%B3%E5%8A%A8%E6%B3%95&contents=&dbt=chl
正在爬取链接：http://law1.law-star.com/law?fn=chl042s011.txt&truetag=1795&titles=%E5%8A%B3%E5%8A%A8%E6%B3%95&contents=&dbt=chl
正在爬取链接：http://law1.law-star.com/law?fn=chl507s700.txt&truetag=809&titles=%E5%8A%B3%E5%8A%A8%E6%B3%95&contents=&dbt=chl
正在爬取链接：http://law1.law-star.com/law?fn=chl515s207.txt&truetag=809&titles=%E5%8A%B3%E5%8A%A8%E6%B3%95&contents=&dbt=chl
正在爬取链接：http://law1.law-star.com/law?fn=chl141s075.txt&truetag=1881&titles=%E5%8A%B3%E5%8A%A8%E6%B3%95&contents=&dbt=chl
正在爬取链接：http://law1.law-star.com/law?fn=chl055s220.txt&truetag=1917&titles=%E5%8A%B3%E5%8A%A8%E6%B3%95&contents=&dbt=chl
正在爬取链接：http://law1.law-star.com/law?fn=lar893s268.txt&truetag=800&titles=%E5%8A%B3%E5%8A%A8%E6%B3%95&contents=&dbt=lar
正在爬取链接：http://law1.law-star.com/law?fn=lar282s114.txt&truetag=1&titles=%E5%8A%B3%E5%8A%A8%E6%B3%95&contents=&dbt=lar
正在爬取链接：http://law1.law-star.com/law?fn=lar504s915.txt&truetag=3&titles=%E5%8A%B3%E5%8A%A8%E6%B3%95&contents=&dbt=lar
正在爬取链接：http://law1.law-star.com/law?fn=lar106s024.txt&truetag=1&titles=%E5%8A%B3%E5%8A%A8%E6%B3%95&contents=&dbt=lar
正在爬取链接：http://law1.law-star.com/law?fn=lar504s894.txt&truetag=3&titles=%E5%8A%B3%E5%8A%A8%E6%B3%95&contents=&dbt=lar
正在爬取链接：http://law1.law-star.com/law?fn=lar1297s591.txt&truetag=809&titles=%E5%8A%B3%E5%8A%A8%E6%B3%95&contents=&dbt=lar
正在爬取链接：http://law1.law-star.com/law?fn=lar421s058.txt&truetag=2&titles=%E5%8A%B3%E5%8A%A8%E6%B3%95&contents=&dbt=lar
正在爬取链接：http://law1.law-star.com/law?fn=lar421s080.txt&truetag=2&titles=%E5%8A%B3%E5%8A%A8%E6%B3%95&contents=&dbt=lar
正在爬取链接：http://law1.law-star.com/law?fn=lar1481s532.txt&truetag=2096&titles=%E5%8A%B3%E5%8A%A8%E6%B3%95&contents=&dbt=lar
正在爬取链接：http://law1.law-star.com/law?fn=lar1393s364.txt&truetag=2005&titles=%E5%8A%B3%E5%8A%A8%E6%B3%95&contents=&dbt=lar
正在爬取链接：http://law1.law-star.com/law?fn=lar1358s893.txt&truetag=1755&titles=%E5%8A%B3%E5%8A%A8%E6%B3%95&contents=&dbt=lar
正在爬取链接：http://law1.law-star.com/law?fn=lar1328s195.txt&truetag=1565&titles=%E5%8A%B3%E5%8A%A8%E6%B3%95&contents=&dbt=lar
正在爬取链接：http://law1.law-star.com/law?fn=lar1307s636.txt&truetag=1369&titles=%E5%8A%B3%E5%8A%A8%E6%B3%95&contents=&dbt=lar
正在爬取链接：http://law1.law-star.com/law?fn=lar854s162.txt&truetag=1310&titles=%E5%8A%B3%E5%8A%A8%E6%B3%95&contents=&dbt=lar
正在爬取链接：http://law1.law-star.com/law?fn=lar870s560.txt&truetag=800&titles=%E5%8A%B3%E5%8A%A8%E6%B3%95&contents=&dbt=lar
正在爬取链接：http://law1.law-star.com/law?fn=lar880s633.txt&truetag=800&titles=%E5%8A%B3%E5%8A%A8%E6%B3%95&contents=&dbt=lar
正在爬取链接：http://law1.law-star.com/law?fn=lar881s017.txt&truetag=800&titles=%E5%8A%B3%E5%8A%A8%E6%B3%95&contents=&dbt=lar
爬取这一页共耗时13.103634119033813秒
第2页***
正在爬取链接：http://law1.law-star.com/search?kw=%E5%8A%B3%E5%8A%A8%E6%B3%95&dbt=chl&dbt=lar&ps=50&sort=imp&p=2
正在爬取链接：http://law1.law-star.com/law?fn=lar916s187.txt&truetag=801&titles=%E5%8A%B3%E5%8A%A8%E6%B3%95&contents=&dbt=lar
正在爬取链接：http://law1.law-star.com/law?fn=lar929s749.txt&truetag=801&titles=%E5%8A%B3%E5%8A%A8%E6%B3%95&contents=&dbt=lar
正在爬取链接：http://law1.law-star.com/law?fn=lar929s780.txt&truetag=801&titles=%E5%8A%B3%E5%8A%A8%E6%B3%95&contents=&dbt=lar
正在爬取链接：http://law1.law-star.com/law?fn=lar937s470.txt&truetag=801&titles=%E5%8A%B3%E5%8A%A8%E6%B3%95&contents=&dbt=lar
正在爬取链接：http://law1.law-star.com/law?fn=lar953s644.txt&truetag=802&titles=%E5%8A%B3%E5%8A%A8%E6%B3%95&contents=&dbt=lar
正在爬取链接：http://law1.law-star.com/law?fn=lar953s995.txt&truetag=802&titles=%E5%8A%B3%E5%8A%A8%E6%B3%95&contents=&dbt=lar
正在爬取链接：http://law1.law-star.com/law?fn=lar731s597.txt&truetag=471&titles=%E5%8A%B3%E5%8A%A8%E6%B3%95&contents=&dbt=lar
正在爬取链接：http://law1.law-star.com/law?fn=lar1036s172.txt&truetag=803&titles=%E5%8A%B3%E5%8A%A8%E6%B3%95&contents=&dbt=lar
正在爬取链接：http://law1.law-star.com/law?fn=lar703s168.txt&truetag=300&titles=%E5%8A%B3%E5%8A%A8%E6%B3%95&contents=&dbt=lar
正在爬取链接：http://law1.law-star.com/law?fn=lar1036s990.txt&truetag=803&titles=%E5%8A%B3%E5%8A%A8%E6%B3%95&contents=&dbt=lar
正在爬取链接：http://law1.law-star.com/law?fn=lar692s295.txt&truetag=245&titles=%E5%8A%B3%E5%8A%A8%E6%B3%95&contents=&dbt=lar
正在爬取链接：http://law1.law-star.com/law?fn=lar685s027.txt&truetag=202&titles=%E5%8A%B3%E5%8A%A8%E6%B3%95&contents=&dbt=lar
正在爬取链接：http://law1.law-star.com/law?fn=lar1067s808.txt&truetag=804&titles=%E5%8A%B3%E5%8A%A8%E6%B3%95&contents=&dbt=lar
正在爬取链接：http://law1.law-star.com/law?fn=lar1116s216.txt&truetag=805&titles=%E5%8A%B3%E5%8A%A8%E6%B3%95&contents=&dbt=lar
正在爬取链接：http://law1.law-star.com/law?fn=lar617s569.txt&truetag=8&titles=%E5%8A%B3%E5%8A%A8%E6%B3%95&contents=&dbt=lar
正在爬取链接：http://law1.law-star.com/law?fn=lar1151s777.txt&truetag=806&titles=%E5%8A%B3%E5%8A%A8%E6%B3%95&contents=&dbt=lar
正在爬取链接：http://law1.law-star.com/law?fn=lar1159s574.txt&truetag=806&titles=%E5%8A%B3%E5%8A%A8%E6%B3%95&contents=&dbt=lar
正在爬取链接：http://law1.law-star.com/law?fn=lar604s792.txt&truetag=8&titles=%E5%8A%B3%E5%8A%A8%E6%B3%95&contents=&dbt=lar
正在爬取链接：http://law1.law-star.com/law?fn=lar1179s493.txt&truetag=806&titles=%E5%8A%B3%E5%8A%A8%E6%B3%95&contents=&dbt=lar
正在爬取链接：http://law1.law-star.com/law?fn=lar587s084.txt&truetag=4&titles=%E5%8A%B3%E5%8A%A8%E6%B3%95&contents=&dbt=lar
正在爬取链接：http://law1.law-star.com/law?fn=lar583s045.txt&truetag=4&titles=%E5%8A%B3%E5%8A%A8%E6%B3%95&contents=&dbt=lar
正在爬取链接：http://law1.law-star.com/law?fn=lar1198s436.txt&truetag=806&titles=%E5%8A%B3%E5%8A%A8%E6%B3%95&contents=&dbt=lar
正在爬取链接：http://law1.law-star.com/law?fn=lar1199s390.txt&truetag=806&titles=%E5%8A%B3%E5%8A%A8%E6%B3%95&contents=&dbt=lar
正在爬取链接：http://law1.law-star.com/law?fn=lar1214s877.txt&truetag=807&titles=%E5%8A%B3%E5%8A%A8%E6%B3%95&contents=&dbt=lar
正在爬取链接：http://law1.law-star.com/law?fn=lar541s063.txt&truetag=4&titles=%E5%8A%B3%E5%8A%A8%E6%B3%95&contents=&dbt=lar
正在爬取链接：http://law1.law-star.com/law?fn=lar1231s914.txt&truetag=807&titles=%E5%8A%B3%E5%8A%A8%E6%B3%95&contents=&dbt=lar
正在爬取链接：http://law1.law-star.com/law?fn=lar522s390.txt&truetag=3&titles=%E5%8A%B3%E5%8A%A8%E6%B3%95&contents=&dbt=lar
正在爬取链接：http://law1.law-star.com/law?fn=lar518s557.txt&truetag=8&titles=%E5%8A%B3%E5%8A%A8%E6%B3%95&contents=&dbt=lar
正在爬取链接：http://law1.law-star.com/law?fn=lar1243s203.txt&truetag=807&titles=%E5%8A%B3%E5%8A%A8%E6%B3%95&contents=&dbt=lar
正在爬取链接：http://law1.law-star.com/law?fn=lar513s835.txt&truetag=3&titles=%E5%8A%B3%E5%8A%A8%E6%B3%95&contents=&dbt=lar
正在爬取链接：http://law1.law-star.com/law?fn=lar509s584.txt&truetag=3&titles=%E5%8A%B3%E5%8A%A8%E6%B3%95&contents=&dbt=lar
正在爬取链接：http://law1.law-star.com/law?fn=lar373s096.txt&truetag=2&titles=%E5%8A%B3%E5%8A%A8%E6%B3%95&contents=&dbt=lar
正在爬取链接：http://law1.law-star.com/law?fn=lar1266s289.txt&truetag=808&titles=%E5%8A%B3%E5%8A%A8%E6%B3%95&contents=&dbt=lar
正在爬取链接：http://law1.law-star.com/law?fn=lar314s009.txt&truetag=1&titles=%E5%8A%B3%E5%8A%A8%E6%B3%95&contents=&dbt=lar
正在爬取链接：http://law1.law-star.com/law?fn=lar446s414.txt&truetag=2&titles=%E5%8A%B3%E5%8A%A8%E6%B3%95&contents=&dbt=lar
正在爬取链接：http://law1.law-star.com/law?fn=lar321s195.txt&truetag=1&titles=%E5%8A%B3%E5%8A%A8%E6%B3%95&contents=&dbt=lar
正在爬取链接：http://law1.law-star.com/law?fn=lar1273s498.txt&truetag=809&titles=%E5%8A%B3%E5%8A%A8%E6%B3%95&contents=&dbt=lar
正在爬取链接：http://law1.law-star.com/law?fn=lar1273s903.txt&truetag=809&titles=%E5%8A%B3%E5%8A%A8%E6%B3%95&contents=&dbt=lar
正在爬取链接：http://law1.law-star.com/law?fn=lar446s207.txt&truetag=2&titles=%E5%8A%B3%E5%8A%A8%E6%B3%95&contents=&dbt=lar
正在爬取链接：http://law1.law-star.com/law?fn=lar273s094.txt&truetag=1&titles=%E5%8A%B3%E5%8A%A8%E6%B3%95&contents=&dbt=lar
正在爬取链接：http://law1.law-star.com/law?fn=lar134s071.txt&truetag=1&titles=%E5%8A%B3%E5%8A%A8%E6%B3%95&contents=&dbt=lar
正在爬取链接：http://law1.law-star.com/law?fn=lar450s582.txt&truetag=2&titles=%E5%8A%B3%E5%8A%A8%E6%B3%95&contents=&dbt=lar
正在爬取链接：http://law1.law-star.com/law?fn=lar503s199.txt&truetag=3&titles=%E5%8A%B3%E5%8A%A8%E6%B3%95&contents=&dbt=lar
正在爬取链接：http://law1.law-star.com/law?fn=lar090s079.txt&truetag=1&titles=%E5%8A%B3%E5%8A%A8%E6%B3%95&contents=&dbt=lar
正在爬取链接：http://law1.law-star.com/law?fn=lar1296s942.txt&truetag=809&titles=%E5%8A%B3%E5%8A%A8%E6%B3%95&contents=&dbt=lar
正在爬取链接：http://law1.law-star.com/law?fn=lar040s072.txt&truetag=1845&titles=%E5%8A%B3%E5%8A%A8%E6%B3%95&contents=&dbt=lar
正在爬取链接：http://law1.law-star.com/law?fn=lar033s036.txt&truetag=1842&titles=%E5%8A%B3%E5%8A%A8%E6%B3%95&contents=&dbt=lar
正在爬取链接：http://law1.law-star.com/law?fn=lar038s033.txt&truetag=1844&titles=%E5%8A%B3%E5%8A%A8%E6%B3%95&contents=&dbt=lar
正在爬取链接：http://law1.law-star.com/law?fn=lar441s904.txt&truetag=2&titles=%E5%8A%B3%E5%8A%A8%E6%B3%95&contents=&dbt=lar
正在爬取链接：http://law1.law-star.com/law?fn=lar1297s941.txt&truetag=809&titles=%E5%8A%B3%E5%8A%A8%E6%B3%95&contents=&dbt=lar
爬取这一页共耗时11.806215763092041秒
第3页***
正在爬取链接：http://law1.law-star.com/search?kw=%E5%8A%B3%E5%8A%A8%E6%B3%95&dbt=chl&dbt=lar&ps=50&sort=imp&p=3
正在爬取链接：http://law1.law-star.com/law?fn=lar028s027.txt&truetag=1839&titles=%E5%8A%B3%E5%8A%A8%E6%B3%95&contents=&dbt=lar
正在爬取链接：http://law1.law-star.com/law?fn=lar459s062.txt&truetag=2&titles=%E5%8A%B3%E5%8A%A8%E6%B3%95&contents=&dbt=lar
正在爬取链接：http://law1.law-star.com/law?fn=lar495s327.txt&truetag=3&titles=%E5%8A%B3%E5%8A%A8%E6%B3%95&contents=&dbt=lar
正在爬取链接：http://law1.law-star.com/law?fn=chl515s861.txt&truetag=809&titles=%E5%8A%B3%E5%8A%A8%E6%B3%95&contents=&dbt=chl
正在爬取链接：http://law1.law-star.com/law?fn=lar1298s305.txt&truetag=809&titles=%E5%8A%B3%E5%8A%A8%E6%B3%95&contents=&dbt=lar
正在爬取链接：http://law1.law-star.com/law?fn=chl517s327.txt&truetag=809&titles=%E5%8A%B3%E5%8A%A8%E6%B3%95&contents=&dbt=chl
正在爬取链接：http://law1.law-star.com/law?fn=chl530s316.txt&truetag=1624&titles=%E5%8A%B3%E5%8A%A8%E6%B3%95&contents=&dbt=chl
正在爬取链接：http://law1.law-star.com/law?fn=chl530s322.txt&truetag=1624&titles=%E5%8A%B3%E5%8A%A8%E6%B3%95&contents=&dbt=chl
正在爬取链接：http://law1.law-star.com/law?fn=chl418s746.txt&truetag=801&titles=%E5%8A%B3%E5%8A%A8%E6%B3%95&contents=&dbt=chl
正在爬取链接：http://law1.law-star.com/law?fn=chl425s975.txt&truetag=801&titles=%E5%8A%B3%E5%8A%A8%E6%B3%95&contents=&dbt=chl
正在爬取链接：http://law1.law-star.com/law?fn=chl442s976.txt&truetag=803&titles=%E5%8A%B3%E5%8A%A8%E6%B3%95&contents=&dbt=chl
正在爬取链接：http://law1.law-star.com/law?fn=chl449s315.txt&truetag=804&titles=%E5%8A%B3%E5%8A%A8%E6%B3%95&contents=&dbt=chl
正在爬取链接：http://law1.law-star.com/law?fn=chl453s288.txt&truetag=804&titles=%E5%8A%B3%E5%8A%A8%E6%B3%95&contents=&dbt=chl
正在爬取链接：http://law1.law-star.com/law?fn=chl460s293.txt&truetag=805&titles=%E5%8A%B3%E5%8A%A8%E6%B3%95&contents=&dbt=chl
正在爬取链接：http://law1.law-star.com/law?fn=chl464s464.txt&truetag=805&titles=%E5%8A%B3%E5%8A%A8%E6%B3%95&contents=&dbt=chl
正在爬取链接：http://law1.law-star.com/law?fn=chl469s781.txt&truetag=806&titles=%E5%8A%B3%E5%8A%A8%E6%B3%95&contents=&dbt=chl
正在爬取链接：http://law1.law-star.com/law?fn=chl472s479.txt&truetag=806&titles=%E5%8A%B3%E5%8A%A8%E6%B3%95&contents=&dbt=chl
正在爬取链接：http://law1.law-star.com/law?fn=chl477s953.txt&truetag=807&titles=%E5%8A%B3%E5%8A%A8%E6%B3%95&contents=&dbt=chl
正在爬取链接：http://law1.law-star.com/law?fn=chl478s575.txt&truetag=807&titles=%E5%8A%B3%E5%8A%A8%E6%B3%95&contents=&dbt=chl
正在爬取链接：http://law1.law-star.com/law?fn=chl479s806.txt&truetag=807&titles=%E5%8A%B3%E5%8A%A8%E6%B3%95&contents=&dbt=chl
正在爬取链接：http://law1.law-star.com/law?fn=chl512s537.txt&truetag=809&titles=%E5%8A%B3%E5%8A%A8%E6%B3%95&contents=&dbt=chl
正在爬取链接：http://law1.law-star.com/law?fn=chl335s429.txt&truetag=2&titles=%E5%8A%B3%E5%8A%A8%E6%B3%95&contents=&dbt=chl
正在爬取链接：http://law1.law-star.com/law?fn=chl027s132.txt&truetag=1785&titles=%E5%8A%B3%E5%8A%A8%E6%B3%95&contents=&dbt=chl
正在爬取链接：http://law1.law-star.com/law?fn=chl517s540.txt&truetag=809&titles=%E5%8A%B3%E5%8A%A8%E6%B3%95&contents=&dbt=chl
正在爬取链接：http://law1.law-star.com/law?fn=chl024s119.txt&truetag=1783&titles=%E5%8A%B3%E5%8A%A8%E6%B3%95&contents=&dbt=chl
正在爬取链接：http://law1.law-star.com/law?fn=chl518s253.txt&truetag=809&titles=%E5%8A%B3%E5%8A%A8%E6%B3%95&contents=&dbt=chl
正在爬取链接：http://law1.law-star.com/law?fn=chl565s565.txt&truetag=2200&titles=%E5%8A%B3%E5%8A%A8%E6%B3%95&contents=&dbt=chl
正在爬取链接：http://law1.law-star.com/law?fn=chl565s567.txt&truetag=2200&titles=%E5%8A%B3%E5%8A%A8%E6%B3%95&contents=&dbt=chl
正在爬取链接：http://law1.law-star.com/law?fn=chl565s568.txt&truetag=2200&titles=%E5%8A%B3%E5%8A%A8%E6%B3%95&contents=&dbt=chl
正在爬取链接：http://law1.law-star.com/law?fn=chl565s569.txt&truetag=2200&titles=%E5%8A%B3%E5%8A%A8%E6%B3%95&contents=&dbt=chl
正在爬取链接：http://law1.law-star.com/law?fn=chl565s570.txt&truetag=2200&titles=%E5%8A%B3%E5%8A%A8%E6%B3%95&contents=&dbt=chl
正在爬取链接：http://law1.law-star.com/law?fn=chl565s571.txt&truetag=2200&titles=%E5%8A%B3%E5%8A%A8%E6%B3%95&contents=&dbt=chl
正在爬取链接：http://law1.law-star.com/law?fn=chl372s126.txt&truetag=8&titles=%E5%8A%B3%E5%8A%A8%E6%B3%95&contents=&dbt=chl
正在爬取链接：http://law1.law-star.com/law?fn=chl376s608.txt&truetag=64&titles=%E5%8A%B3%E5%8A%A8%E6%B3%95&contents=&dbt=chl
正在爬取链接：http://law1.law-star.com/law?fn=chl357s616.txt&truetag=1917&titles=%E5%8A%B3%E5%8A%A8%E6%B3%95&contents=&dbt=chl
正在爬取链接：http://law1.law-star.com/law?fn=chl357s463.txt&truetag=2&titles=%E5%8A%B3%E5%8A%A8%E6%B3%95&contents=&dbt=chl
正在爬取链接：http://law1.law-star.com/law?fn=chl321s731.txt&truetag=2&titles=%E5%8A%B3%E5%8A%A8%E6%B3%95&contents=&dbt=chl
正在爬取链接：http://law1.law-star.com/law?fn=chl239s136.txt&truetag=1909&titles=%E5%8A%B3%E5%8A%A8%E6%B3%95&contents=&dbt=chl
正在爬取链接：http://law1.law-star.com/law?fn=chl239s138.txt&truetag=1909&titles=%E5%8A%B3%E5%8A%A8%E6%B3%95&contents=&dbt=chl
正在爬取链接：http://law1.law-star.com/law?fn=chl509s068.txt&truetag=809&titles=%E5%8A%B3%E5%8A%A8%E6%B3%95&contents=&dbt=chl
正在爬取链接：http://law1.law-star.com/law?fn=chl185s114.txt&truetag=1891&titles=%E5%8A%B3%E5%8A%A8%E6%B3%95&contents=&dbt=chl
正在爬取链接：http://law1.law-star.com/law?fn=chl070s019.txt&truetag=1817&titles=%E5%8A%B3%E5%8A%A8%E6%B3%95&contents=&dbt=chl
正在爬取链接：http://law1.law-star.com/law?fn=chl029s132.txt&truetag=1786&titles=%E5%8A%B3%E5%8A%A8%E6%B3%95&contents=&dbt=chl
正在爬取链接：http://law1.law-star.com/law?fn=chl578s715.txt&truetag=2442&titles=%E5%8A%B3%E5%8A%A8%E6%B3%95&contents=&dbt=chl
正在爬取链接：http://law1.law-star.com/law?fn=chl565s926.txt&truetag=2238&titles=%E5%8A%B3%E5%8A%A8%E6%B3%95&contents=&dbt=chl
正在爬取链接：http://law1.law-star.com/law?fn=chl534s555.txt&truetag=1702&titles=%E5%8A%B3%E5%8A%A8%E6%B3%95&contents=&dbt=chl
正在爬取链接：http://law1.law-star.com/law?fn=chl523s476.txt&truetag=1351&titles=%E5%8A%B3%E5%8A%A8%E6%B3%95&contents=&dbt=chl
正在爬取链接：http://law1.law-star.com/law?fn=chl397s183.txt&truetag=970&titles=%E5%8A%B3%E5%8A%A8%E6%B3%95&contents=&dbt=chl
正在爬取链接：http://law1.law-star.com/law?fn=chl361s586.txt&truetag=2&titles=%E5%8A%B3%E5%8A%A8%E6%B3%95&contents=&dbt=chl
正在爬取链接：http://law1.law-star.com/law?fn=chl478s087.txt&truetag=807&titles=%E5%8A%B3%E5%8A%A8%E6%B3%95&contents=&dbt=chl
爬取这一页共耗时21.79591464996338秒
第4页***
正在爬取链接：http://law1.law-star.com/search?kw=%E5%8A%B3%E5%8A%A8%E6%B3%95&dbt=chl&dbt=lar&ps=50&sort=imp&p=4
正在爬取链接：http://law1.law-star.com/law?fn=chl360s800.txt&truetag=2&titles=%E5%8A%B3%E5%8A%A8%E6%B3%95&contents=&dbt=chl
正在爬取链接：http://law1.law-star.com/law?fn=chl352s930.txt&truetag=2&titles=%E5%8A%B3%E5%8A%A8%E6%B3%95&contents=&dbt=chl
正在爬取链接：http://law1.law-star.com/law?fn=chl352s876.txt&truetag=2&titles=%E5%8A%B3%E5%8A%A8%E6%B3%95&contents=&dbt=chl
正在爬取链接：http://law1.law-star.com/law?fn=chl346s266.txt&truetag=2&titles=%E5%8A%B3%E5%8A%A8%E6%B3%95&contents=&dbt=chl
正在爬取链接：http://law1.law-star.com/law?fn=chl321s667.txt&truetag=1&titles=%E5%8A%B3%E5%8A%A8%E6%B3%95&contents=&dbt=chl
正在爬取链接：http://law1.law-star.com/law?fn=chl313s102.txt&truetag=1&titles=%E5%8A%B3%E5%8A%A8%E6%B3%95&contents=&dbt=chl
正在爬取链接：http://law1.law-star.com/law?fn=chl305s007.txt&truetag=1&titles=%E5%8A%B3%E5%8A%A8%E6%B3%95&contents=&dbt=chl
正在爬取链接：http://law1.law-star.com/law?fn=chl310s108.txt&truetag=1&titles=%E5%8A%B3%E5%8A%A8%E6%B3%95&contents=&dbt=chl
正在爬取链接：http://law1.law-star.com/law?fn=chl253s005.txt&truetag=1913&titles=%E5%8A%B3%E5%8A%A8%E6%B3%95&contents=&dbt=chl
正在爬取链接：http://law1.law-star.com/law?fn=chl253s029.txt&truetag=1913&titles=%E5%8A%B3%E5%8A%A8%E6%B3%95&contents=&dbt=chl
正在爬取链接：http://law1.law-star.com/law?fn=chl504s246.txt&truetag=809&titles=%E5%8A%B3%E5%8A%A8%E6%B3%95&contents=&dbt=chl
正在爬取链接：http://law1.law-star.com/law?fn=chl248s118.txt&truetag=1912&titles=%E5%8A%B3%E5%8A%A8%E6%B3%95&contents=&dbt=chl
正在爬取链接：http://law1.law-star.com/law?fn=chl240s089.txt&truetag=1909&titles=%E5%8A%B3%E5%8A%A8%E6%B3%95&contents=&dbt=chl
正在爬取链接：http://law1.law-star.com/law?fn=chl193s031.txt&truetag=1894&titles=%E5%8A%B3%E5%8A%A8%E6%B3%95&contents=&dbt=chl
正在爬取链接：http://law1.law-star.com/law?fn=chl508s435.txt&truetag=809&titles=%E5%8A%B3%E5%8A%A8%E6%B3%95&contents=&dbt=chl
正在爬取链接：http://law1.law-star.com/law?fn=chl186s179.txt&truetag=1892&titles=%E5%8A%B3%E5%8A%A8%E6%B3%95&contents=&dbt=chl
正在爬取链接：http://law1.law-star.com/law?fn=chl513s210.txt&truetag=809&titles=%E5%8A%B3%E5%8A%A8%E6%B3%95&contents=&dbt=chl
正在爬取链接：http://law1.law-star.com/law?fn=chl092s011.txt&truetag=1836&titles=%E5%8A%B3%E5%8A%A8%E6%B3%95&contents=&dbt=chl
正在爬取链接：http://law1.law-star.com/law?fn=chl062s017.txt&truetag=1813&titles=%E5%8A%B3%E5%8A%A8%E6%B3%95&contents=&dbt=chl
正在爬取链接：http://law1.law-star.com/law?fn=chl030s065.txt&truetag=1786&titles=%E5%8A%B3%E5%8A%A8%E6%B3%95&contents=&dbt=chl
正在爬取链接：http://law1.law-star.com/law?fn=chl337s638.txt&truetag=2&titles=%E5%8A%B3%E5%8A%A8%E6%B3%95&contents=&dbt=chl
正在爬取链接：http://law1.law-star.com/law?fn=chl018s088.txt&truetag=1772&titles=%E5%8A%B3%E5%8A%A8%E6%B3%95&contents=&dbt=chl
正在爬取链接：http://law1.law-star.com/law?fn=chl035s056.txt&truetag=1789&titles=%E5%8A%B3%E5%8A%A8%E6%B3%95&contents=&dbt=chl
正在爬取链接：http://law1.law-star.com/law?fn=chl519s253.txt&truetag=809&titles=%E5%8A%B3%E5%8A%A8%E6%B3%95&contents=&dbt=chl
正在爬取链接：http://law1.law-star.com/law?fn=chl601s658.txt&truetag=2606&titles=%E5%8A%B3%E5%8A%A8%E6%B3%95&contents=&dbt=chl
正在爬取链接：http://law1.law-star.com/law?fn=chl580s345.txt&truetag=2498&titles=%E5%8A%B3%E5%8A%A8%E6%B3%95&contents=&dbt=chl
正在爬取链接：http://law1.law-star.com/law?fn=chl579s586.txt&truetag=2482&titles=%E5%8A%B3%E5%8A%A8%E6%B3%95&contents=&dbt=chl
正在爬取链接：http://law1.law-star.com/law?fn=chl400s109.txt&truetag=1103&titles=%E5%8A%B3%E5%8A%A8%E6%B3%95&contents=&dbt=chl
正在爬取链接：http://law1.law-star.com/law?fn=chl414s200.txt&truetag=800&titles=%E5%8A%B3%E5%8A%A8%E6%B3%95&contents=&dbt=chl
正在爬取链接：http://law1.law-star.com/law?fn=chl395s988.txt&truetag=917&titles=%E5%8A%B3%E5%8A%A8%E6%B3%95&contents=&dbt=chl
正在爬取链接：http://law1.law-star.com/law?fn=chl391s468.txt&truetag=1917&titles=%E5%8A%B3%E5%8A%A8%E6%B3%95&contents=&dbt=chl
正在爬取链接：http://law1.law-star.com/law?fn=chl391s316.txt&truetag=703&titles=%E5%8A%B3%E5%8A%A8%E6%B3%95&contents=&dbt=chl
正在爬取链接：http://law1.law-star.com/law?fn=chl393s420.txt&truetag=799&titles=%E5%8A%B3%E5%8A%A8%E6%B3%95&contents=&dbt=chl
正在爬取链接：http://law1.law-star.com/law?fn=chl391s373.txt&truetag=706&titles=%E5%8A%B3%E5%8A%A8%E6%B3%95&contents=&dbt=chl
正在爬取链接：http://law1.law-star.com/law?fn=chl449s377.txt&truetag=804&titles=%E5%8A%B3%E5%8A%A8%E6%B3%95&contents=&dbt=chl
正在爬取链接：http://law1.law-star.com/law?fn=chl453s449.txt&truetag=804&titles=%E5%8A%B3%E5%8A%A8%E6%B3%95&contents=&dbt=chl
正在爬取链接：http://law1.law-star.com/law?fn=chl378s110.txt&truetag=1917&titles=%E5%8A%B3%E5%8A%A8%E6%B3%95&contents=&dbt=chl
正在爬取链接：http://law1.law-star.com/law?fn=chl459s254.txt&truetag=805&titles=%E5%8A%B3%E5%8A%A8%E6%B3%95&contents=&dbt=chl
正在爬取链接：http://law1.law-star.com/law?fn=chl460s145.txt&truetag=805&titles=%E5%8A%B3%E5%8A%A8%E6%B3%95&contents=&dbt=chl
正在爬取链接：http://law1.law-star.com/law?fn=chl389s629.txt&truetag=627&titles=%E5%8A%B3%E5%8A%A8%E6%B3%95&contents=&dbt=chl
正在爬取链接：http://law1.law-star.com/law?fn=chl468s160.txt&truetag=806&titles=%E5%8A%B3%E5%8A%A8%E6%B3%95&contents=&dbt=chl
正在爬取链接：http://law1.law-star.com/law?fn=chl469s743.txt&truetag=806&titles=%E5%8A%B3%E5%8A%A8%E6%B3%95&contents=&dbt=chl
正在爬取链接：http://law1.law-star.com/law?fn=chl364s144.txt&truetag=296&titles=%E5%8A%B3%E5%8A%A8%E6%B3%95&contents=&dbt=chl
正在爬取链接：http://law1.law-star.com/law?fn=chl389s631.txt&truetag=2004&titles=%E5%8A%B3%E5%8A%A8%E6%B3%95&contents=&dbt=chl
正在爬取链接：http://law1.law-star.com/law?fn=chl482s297.txt&truetag=807&titles=%E5%8A%B3%E5%8A%A8%E6%B3%95&contents=&dbt=chl
正在爬取链接：http://law1.law-star.com/law?fn=chl484s192.txt&truetag=807&titles=%E5%8A%B3%E5%8A%A8%E6%B3%95&contents=&dbt=chl
正在爬取链接：http://law1.law-star.com/law?fn=chl351s784.txt&truetag=2328&titles=%E5%8A%B3%E5%8A%A8%E6%B3%95&contents=&dbt=chl
正在爬取链接：http://law1.law-star.com/law?fn=chl490s900.txt&truetag=808&titles=%E5%8A%B3%E5%8A%A8%E6%B3%95&contents=&dbt=chl
正在爬取链接：http://law1.law-star.com/law?fn=chl301s116.txt&truetag=1&titles=%E5%8A%B3%E5%8A%A8%E6%B3%95&contents=&dbt=chl
正在爬取链接：http://law1.law-star.com/law?fn=chl499s119.txt&truetag=809&titles=%E5%8A%B3%E5%8A%A8%E6%B3%95&contents=&dbt=chl
爬取这一页共耗时19.60091781616211秒
第5页***
正在爬取链接：http://law1.law-star.com/search?kw=%E5%8A%B3%E5%8A%A8%E6%B3%95&dbt=chl&dbt=lar&ps=50&sort=imp&p=5
正在爬取链接：http://law1.law-star.com/law?fn=chl298s118.txt&truetag=1&titles=%E5%8A%B3%E5%8A%A8%E6%B3%95&contents=&dbt=chl
正在爬取链接：http://law1.law-star.com/law?fn=chl501s054.txt&truetag=809&titles=%E5%8A%B3%E5%8A%A8%E6%B3%95&contents=&dbt=chl
正在爬取链接：http://law1.law-star.com/law?fn=chl281s155.txt&truetag=8&titles=%E5%8A%B3%E5%8A%A8%E6%B3%95&contents=&dbt=chl
正在爬取链接：http://law1.law-star.com/law?fn=chl279s159.txt&truetag=1&titles=%E5%8A%B3%E5%8A%A8%E6%B3%95&contents=&dbt=chl
正在爬取链接：http://law1.law-star.com/law?fn=chl273s176.txt&truetag=1&titles=%E5%8A%B3%E5%8A%A8%E6%B3%95&contents=&dbt=chl
正在爬取链接：http://law1.law-star.com/law?fn=chl323s536.txt&truetag=846&titles=%E5%8A%B3%E5%8A%A8%E6%B3%95&contents=&dbt=chl
正在爬取链接：http://law1.law-star.com/law?fn=chl185s155.txt&truetag=2231&titles=%E5%8A%B3%E5%8A%A8%E6%B3%95&contents=&dbt=chl
正在爬取链接：http://law1.law-star.com/law?fn=chl509s717.txt&truetag=809&titles=%E5%8A%B3%E5%8A%A8%E6%B3%95&contents=&dbt=chl
正在爬取链接：http://law1.law-star.com/law?fn=chl323s331.txt&truetag=2&titles=%E5%8A%B3%E5%8A%A8%E6%B3%95&contents=&dbt=chl
正在爬取链接：http://law1.law-star.com/law?fn=chl101s100.txt&truetag=1840&titles=%E5%8A%B3%E5%8A%A8%E6%B3%95&contents=&dbt=chl
正在爬取链接：http://law1.law-star.com/law?fn=chl512s272.txt&truetag=809&titles=%E5%8A%B3%E5%8A%A8%E6%B3%95&contents=&dbt=chl
正在爬取链接：http://law1.law-star.com/law?fn=chl323s163.txt&truetag=2&titles=%E5%8A%B3%E5%8A%A8%E6%B3%95&contents=&dbt=chl
正在爬取链接：http://law1.law-star.com/law?fn=chl514s533.txt&truetag=809&titles=%E5%8A%B3%E5%8A%A8%E6%B3%95&contents=&dbt=chl
正在爬取链接：http://law1.law-star.com/law?fn=chl065s195.txt&truetag=1813&titles=%E5%8A%B3%E5%8A%A8%E6%B3%95&contents=&dbt=chl
正在爬取链接：http://law1.law-star.com/law?fn=chl516s381.txt&truetag=809&titles=%E5%8A%B3%E5%8A%A8%E6%B3%95&contents=&dbt=chl
正在爬取链接：http://law1.law-star.com/law?fn=chl048s081.txt&truetag=1802&titles=%E5%8A%B3%E5%8A%A8%E6%B3%95&contents=&dbt=chl
正在爬取链接：http://law1.law-star.com/law?fn=chl018s023.txt&truetag=1772&titles=%E5%8A%B3%E5%8A%A8%E6%B3%95&contents=&dbt=chl
正在爬取链接：http://law1.law-star.com/law?fn=chl017s004.txt&truetag=1770&titles=%E5%8A%B3%E5%8A%A8%E6%B3%95&contents=&dbt=chl
正在爬取链接：http://law1.law-star.com/law?fn=chl578s938.txt&truetag=2456&titles=%E5%8A%B3%E5%8A%A8%E6%B3%95&contents=&dbt=chl
正在爬取链接：http://law1.law-star.com/law?fn=chl525s612.txt&truetag=1923&titles=%E5%8A%B3%E5%8A%A8%E6%B3%95&contents=&dbt=chl
正在爬取链接：http://law1.law-star.com/law?fn=chl378s950.txt&truetag=171&titles=%E5%8A%B3%E5%8A%A8%E6%B3%95&contents=&dbt=chl
正在爬取链接：http://law1.law-star.com/law?fn=chl372s165.txt&truetag=8&titles=%E5%8A%B3%E5%8A%A8%E6%B3%95&contents=&dbt=chl
正在爬取链接：http://law1.law-star.com/law?fn=chl473s652.txt&truetag=806&titles=%E5%8A%B3%E5%8A%A8%E6%B3%95&contents=&dbt=chl
正在爬取链接：http://law1.law-star.com/law?fn=chl364s406.txt&truetag=2&titles=%E5%8A%B3%E5%8A%A8%E6%B3%95&contents=&dbt=chl
正在爬取链接：http://law1.law-star.com/law?fn=chl362s173.txt&truetag=2&titles=%E5%8A%B3%E5%8A%A8%E6%B3%95&contents=&dbt=chl
正在爬取链接：http://law1.law-star.com/law?fn=chl360s900.txt&truetag=8&titles=%E5%8A%B3%E5%8A%A8%E6%B3%95&contents=&dbt=chl
正在爬取链接：http://law1.law-star.com/law?fn=chl313s141.txt&truetag=1&titles=%E5%8A%B3%E5%8A%A8%E6%B3%95&contents=&dbt=chl
正在爬取链接：http://law1.law-star.com/law?fn=chl500s976.txt&truetag=809&titles=%E5%8A%B3%E5%8A%A8%E6%B3%95&contents=&dbt=chl
正在爬取链接：http://law1.law-star.com/law?fn=chl281s110.txt&truetag=1&titles=%E5%8A%B3%E5%8A%A8%E6%B3%95&contents=&dbt=chl
正在爬取链接：http://law1.law-star.com/law?fn=chl278s050.txt&truetag=1&titles=%E5%8A%B3%E5%8A%A8%E6%B3%95&contents=&dbt=chl
正在爬取链接：http://law1.law-star.com/law?fn=chl260s004.txt&truetag=1917&titles=%E5%8A%B3%E5%8A%A8%E6%B3%95&contents=&dbt=chl
正在爬取链接：http://law1.law-star.com/law?fn=chl324s412.txt&truetag=2&titles=%E5%8A%B3%E5%8A%A8%E6%B3%95&contents=&dbt=chl
正在爬取链接：http://law1.law-star.com/law?fn=chl175s069.txt&truetag=1888&titles=%E5%8A%B3%E5%8A%A8%E6%B3%95&contents=&dbt=chl
正在爬取链接：http://law1.law-star.com/law?fn=chl162s056.txt&truetag=1884&titles=%E5%8A%B3%E5%8A%A8%E6%B3%95&contents=&dbt=chl
正在爬取链接：http://law1.law-star.com/law?fn=chl119s072.txt&truetag=1868&titles=%E5%8A%B3%E5%8A%A8%E6%B3%95&contents=&dbt=chl
正在爬取链接：http://law1.law-star.com/law?fn=chl112s043.txt&truetag=1848&titles=%E5%8A%B3%E5%8A%A8%E6%B3%95&contents=&dbt=chl
正在爬取链接：http://law1.law-star.com/law?fn=chl112s041.txt&truetag=1848&titles=%E5%8A%B3%E5%8A%A8%E6%B3%95&contents=&dbt=chl
正在爬取链接：http://law1.law-star.com/law?fn=chl101s021.txt&truetag=1840&titles=%E5%8A%B3%E5%8A%A8%E6%B3%95&contents=&dbt=chl
正在爬取链接：http://law1.law-star.com/law?fn=chl518s898.txt&truetag=809&titles=%E5%8A%B3%E5%8A%A8%E6%B3%95&contents=&dbt=chl
正在爬取链接：http://law1.law-star.com/law?fn=chl581s306.txt&truetag=2547&titles=%E5%8A%B3%E5%8A%A8%E6%B3%95&contents=&dbt=chl
正在爬取链接：http://law1.law-star.com/law?fn=chl566s985.txt&truetag=2324&titles=%E5%8A%B3%E5%8A%A8%E6%B3%95&contents=&dbt=chl
正在爬取链接：http://law1.law-star.com/law?fn=chl566s032.txt&truetag=2253&titles=%E5%8A%B3%E5%8A%A8%E6%B3%95&contents=&dbt=chl
正在爬取链接：http://law1.law-star.com/law?fn=chl564s587.txt&truetag=2165&titles=%E5%8A%B3%E5%8A%A8%E6%B3%95&contents=&dbt=chl
正在爬取链接：http://law1.law-star.com/law?fn=chl563s232.txt&truetag=2123&titles=%E5%8A%B3%E5%8A%A8%E6%B3%95&contents=&dbt=chl
正在爬取链接：http://law1.law-star.com/law?fn=chl539s599.txt&truetag=1869&titles=%E5%8A%B3%E5%8A%A8%E6%B3%95&contents=&dbt=chl
正在爬取链接：http://law1.law-star.com/law?fn=chl566s033.txt&truetag=2253&titles=%E5%8A%B3%E5%8A%A8%E6%B3%95&contents=&dbt=chl
正在爬取链接：http://law1.law-star.com/law?fn=chl528s843.txt&truetag=1597&titles=%E5%8A%B3%E5%8A%A8%E6%B3%95&contents=&dbt=chl
正在爬取链接：http://law1.law-star.com/law?fn=chl528s015.txt&truetag=1565&titles=%E5%8A%B3%E5%8A%A8%E6%B3%95&contents=&dbt=chl
正在爬取链接：http://law1.law-star.com/law?fn=chl529s745.txt&truetag=1621&titles=%E5%8A%B3%E5%8A%A8%E6%B3%95&contents=&dbt=chl
正在爬取链接：http://law1.law-star.com/law?fn=chl530s014.txt&truetag=1622&titles=%E5%8A%B3%E5%8A%A8%E6%B3%95&contents=&dbt=chl
爬取这一页共耗时5.0699522495269775秒
第6页***
正在爬取链接：http://law1.law-star.com/search?kw=%E5%8A%B3%E5%8A%A8%E6%B3%95&dbt=chl&dbt=lar&ps=50&sort=imp&p=6
正在爬取链接：http://law1.law-star.com/law?fn=chl524s578.txt&truetag=1395&titles=%E5%8A%B3%E5%8A%A8%E6%B3%95&contents=&dbt=chl
正在爬取链接：http://law1.law-star.com/law?fn=chl403s260.txt&truetag=1245&titles=%E5%8A%B3%E5%8A%A8%E6%B3%95&contents=&dbt=chl
正在爬取链接：http://law1.law-star.com/law?fn=chl402s645.txt&truetag=1221&titles=%E5%8A%B3%E5%8A%A8%E6%B3%95&contents=&dbt=chl
正在爬取链接：http://law1.law-star.com/law?fn=chl415s889.txt&truetag=800&titles=%E5%8A%B3%E5%8A%A8%E6%B3%95&contents=&dbt=chl
正在爬取链接：http://law1.law-star.com/law?fn=chl395s005.txt&truetag=874&titles=%E5%8A%B3%E5%8A%A8%E6%B3%95&contents=&dbt=chl
正在爬取链接：http://law1.law-star.com/law?fn=chl425s720.txt&truetag=801&titles=%E5%8A%B3%E5%8A%A8%E6%B3%95&contents=&dbt=chl
正在爬取链接：http://law1.law-star.com/law?fn=chl438s522.txt&truetag=803&titles=%E5%8A%B3%E5%8A%A8%E6%B3%95&contents=&dbt=chl
正在爬取链接：http://law1.law-star.com/law?fn=chl386s222.txt&truetag=475&titles=%E5%8A%B3%E5%8A%A8%E6%B3%95&contents=&dbt=chl
正在爬取链接：http://law1.law-star.com/law?fn=chl440s507.txt&truetag=803&titles=%E5%8A%B3%E5%8A%A8%E6%B3%95&contents=&dbt=chl
正在爬取链接：http://law1.law-star.com/law?fn=chl444s066.txt&truetag=803&titles=%E5%8A%B3%E5%8A%A8%E6%B3%95&contents=&dbt=chl
正在爬取链接：http://law1.law-star.com/law?fn=chl382s277.txt&truetag=311&titles=%E5%8A%B3%E5%8A%A8%E6%B3%95&contents=&dbt=chl
正在爬取链接：http://law1.law-star.com/law?fn=chl378s620.txt&truetag=157&titles=%E5%8A%B3%E5%8A%A8%E6%B3%95&contents=&dbt=chl
正在爬取链接：http://law1.law-star.com/law?fn=chl377s964.txt&truetag=306&titles=%E5%8A%B3%E5%8A%A8%E6%B3%95&contents=&dbt=chl
正在爬取链接：http://law1.law-star.com/law?fn=chl375s761.txt&truetag=296&titles=%E5%8A%B3%E5%8A%A8%E6%B3%95&contents=&dbt=chl
正在爬取链接：http://law1.law-star.com/law?fn=chl461s047.txt&truetag=805&titles=%E5%8A%B3%E5%8A%A8%E6%B3%95&contents=&dbt=chl
正在爬取链接：http://law1.law-star.com/law?fn=chl463s532.txt&truetag=805&titles=%E5%8A%B3%E5%8A%A8%E6%B3%95&contents=&dbt=chl
正在爬取链接：http://law1.law-star.com/law?fn=chl371s524.txt&truetag=8&titles=%E5%8A%B3%E5%8A%A8%E6%B3%95&contents=&dbt=chl
正在爬取链接：http://law1.law-star.com/law?fn=chl368s039.txt&truetag=8&titles=%E5%8A%B3%E5%8A%A8%E6%B3%95&contents=&dbt=chl
正在爬取链接：http://law1.law-star.com/law?fn=chl366s674.txt&truetag=8&titles=%E5%8A%B3%E5%8A%A8%E6%B3%95&contents=&dbt=chl
正在爬取链接：http://law1.law-star.com/law?fn=chl363s589.txt&truetag=2&titles=%E5%8A%B3%E5%8A%A8%E6%B3%95&contents=&dbt=chl
正在爬取链接：http://law1.law-star.com/law?fn=chl363s141.txt&truetag=2&titles=%E5%8A%B3%E5%8A%A8%E6%B3%95&contents=&dbt=chl
正在爬取链接：http://law1.law-star.com/law?fn=chl476s521.txt&truetag=806&titles=%E5%8A%B3%E5%8A%A8%E6%B3%95&contents=&dbt=chl
正在爬取链接：http://law1.law-star.com/law?fn=chl476s647.txt&truetag=806&titles=%E5%8A%B3%E5%8A%A8%E6%B3%95&contents=&dbt=chl
正在爬取链接：http://law1.law-star.com/law?fn=chl365s191.txt&truetag=296&titles=%E5%8A%B3%E5%8A%A8%E6%B3%95&contents=&dbt=chl
正在爬取链接：http://law1.law-star.com/law?fn=chl481s227.txt&truetag=1917&titles=%E5%8A%B3%E5%8A%A8%E6%B3%95&contents=&dbt=chl
正在爬取链接：http://law1.law-star.com/law?fn=chl482s326.txt&truetag=807&titles=%E5%8A%B3%E5%8A%A8%E6%B3%95&contents=&dbt=chl
正在爬取链接：http://law1.law-star.com/law?fn=chl483s876.txt&truetag=807&titles=%E5%8A%B3%E5%8A%A8%E6%B3%95&contents=&dbt=chl
正在爬取链接：http://law1.law-star.com/law?fn=chl354s697.txt&truetag=2&titles=%E5%8A%B3%E5%8A%A8%E6%B3%95&contents=&dbt=chl
正在爬取链接：http://law1.law-star.com/law?fn=chl351s141.txt&truetag=8&titles=%E5%8A%B3%E5%8A%A8%E6%B3%95&contents=&dbt=chl
正在爬取链接：http://law1.law-star.com/law?fn=chl490s600.txt&truetag=808&titles=%E5%8A%B3%E5%8A%A8%E6%B3%95&contents=&dbt=chl
正在爬取链接：http://law1.law-star.com/law?fn=chl350s304.txt&truetag=2&titles=%E5%8A%B3%E5%8A%A8%E6%B3%95&contents=&dbt=chl
正在爬取链接：http://law1.law-star.com/law?fn=chl349s563.txt&truetag=2&titles=%E5%8A%B3%E5%8A%A8%E6%B3%95&contents=&dbt=chl
正在爬取链接：http://law1.law-star.com/law?fn=chl346s623.txt&truetag=8&titles=%E5%8A%B3%E5%8A%A8%E6%B3%95&contents=&dbt=chl
正在爬取链接：http://law1.law-star.com/law?fn=chl496s498.txt&truetag=808&titles=%E5%8A%B3%E5%8A%A8%E6%B3%95&contents=&dbt=chl
正在爬取链接：http://law1.law-star.com/law?fn=chl313s011.txt&truetag=1&titles=%E5%8A%B3%E5%8A%A8%E6%B3%95&contents=&dbt=chl
正在爬取链接：http://law1.law-star.com/law?fn=chl498s844.txt&truetag=808&titles=%E5%8A%B3%E5%8A%A8%E6%B3%95&contents=&dbt=chl
正在爬取链接：http://law1.law-star.com/law?fn=chl499s332.txt&truetag=809&titles=%E5%8A%B3%E5%8A%A8%E6%B3%95&contents=&dbt=chl
正在爬取链接：http://law1.law-star.com/law?fn=chl299s103.txt&truetag=1&titles=%E5%8A%B3%E5%8A%A8%E6%B3%95&contents=&dbt=chl
正在爬取链接：http://law1.law-star.com/law?fn=chl500s157.txt&truetag=809&titles=%E5%8A%B3%E5%8A%A8%E6%B3%95&contents=&dbt=chl
正在爬取链接：http://law1.law-star.com/law?fn=chl283s100.txt&truetag=1&titles=%E5%8A%B3%E5%8A%A8%E6%B3%95&contents=&dbt=chl
正在爬取链接：http://law1.law-star.com/law?fn=chl333s523.txt&truetag=2&titles=%E5%8A%B3%E5%8A%A8%E6%B3%95&contents=&dbt=chl
正在爬取链接：http://law1.law-star.com/law?fn=chl503s805.txt&truetag=809&titles=%E5%8A%B3%E5%8A%A8%E6%B3%95&contents=&dbt=chl
正在爬取链接：http://law1.law-star.com/law?fn=chl506s565.txt&truetag=809&titles=%E5%8A%B3%E5%8A%A8%E6%B3%95&contents=&dbt=chl
正在爬取链接：http://law1.law-star.com/law?fn=chl325s245.txt&truetag=2&titles=%E5%8A%B3%E5%8A%A8%E6%B3%95&contents=&dbt=chl
正在爬取链接：http://law1.law-star.com/law?fn=chl072s114.txt&truetag=1818&titles=%E5%8A%B3%E5%8A%A8%E6%B3%95&contents=&dbt=chl
正在爬取链接：http://law1.law-star.com/law?fn=chl515s318.txt&truetag=809&titles=%E5%8A%B3%E5%8A%A8%E6%B3%95&contents=&dbt=chl
正在爬取链接：http://law1.law-star.com/law?fn=chl326s102.txt&truetag=2&titles=%E5%8A%B3%E5%8A%A8%E6%B3%95&contents=&dbt=chl
正在爬取链接：http://law1.law-star.com/law?fn=chl515s963.txt&truetag=809&titles=%E5%8A%B3%E5%8A%A8%E6%B3%95&contents=&dbt=chl
正在爬取链接：http://law1.law-star.com/law?fn=chl081s120.txt&truetag=1824&titles=%E5%8A%B3%E5%8A%A8%E6%B3%95&contents=&dbt=chl
正在爬取链接：http://law1.law-star.com/law?fn=chl516s974.txt&truetag=809&titles=%E5%8A%B3%E5%8A%A8%E6%B3%95&contents=&dbt=chl
爬取这一页共耗时6.630121469497681秒
第7页***
正在爬取链接：http://law1.law-star.com/search?kw=%E5%8A%B3%E5%8A%A8%E6%B3%95&dbt=chl&dbt=lar&ps=50&sort=imp&p=7
正在爬取链接：http://law1.law-star.com/law?fn=chl063s089.txt&truetag=1813&titles=%E5%8A%B3%E5%8A%A8%E6%B3%95&contents=&dbt=chl
正在爬取链接：http://law1.law-star.com/law?fn=chl517s042.txt&truetag=809&titles=%E5%8A%B3%E5%8A%A8%E6%B3%95&contents=&dbt=chl
正在爬取链接：http://law1.law-star.com/law?fn=chl063s087.txt&truetag=1813&titles=%E5%8A%B3%E5%8A%A8%E6%B3%95&contents=&dbt=chl
正在爬取链接：http://law1.law-star.com/law?fn=chl519s244.txt&truetag=809&titles=%E5%8A%B3%E5%8A%A8%E6%B3%95&contents=&dbt=chl
正在爬取链接：http://law1.law-star.com/law?fn=chl167s136.txt&truetag=1886&titles=%E5%8A%B3%E5%8A%A8%E6%B3%95&contents=&dbt=chl
正在爬取链接：http://law1.law-star.com/law?fn=chl519s799.txt&truetag=809&titles=%E5%8A%B3%E5%8A%A8%E6%B3%95&contents=&dbt=chl
正在爬取链接：http://law1.law-star.com/law?fn=chl601s554.txt&truetag=2603&titles=%E5%8A%B3%E5%8A%A8%E6%B3%95&contents=&dbt=chl
正在爬取链接：http://law1.law-star.com/law?fn=chl601s299.txt&truetag=2588&titles=%E5%8A%B3%E5%8A%A8%E6%B3%95&contents=&dbt=chl
正在爬取链接：http://law1.law-star.com/law?fn=chl581s461.txt&truetag=2553&titles=%E5%8A%B3%E5%8A%A8%E6%B3%95&contents=&dbt=chl
正在爬取链接：http://law1.law-star.com/law?fn=chl581s369.txt&truetag=2550&titles=%E5%8A%B3%E5%8A%A8%E6%B3%95&contents=&dbt=chl
正在爬取链接：http://law1.law-star.com/law?fn=chl581s249.txt&truetag=2543&titles=%E5%8A%B3%E5%8A%A8%E6%B3%95&contents=&dbt=chl
正在爬取链接：http://law1.law-star.com/law?fn=chl580s263.txt&truetag=2497&titles=%E5%8A%B3%E5%8A%A8%E6%B3%95&contents=&dbt=chl
正在爬取链接：http://law1.law-star.com/law?fn=chl578s854.txt&truetag=2448&titles=%E5%8A%B3%E5%8A%A8%E6%B3%95&contents=&dbt=chl
正在爬取链接：http://law1.law-star.com/law?fn=chl578s753.txt&truetag=2443&titles=%E5%8A%B3%E5%8A%A8%E6%B3%95&contents=&dbt=chl
正在爬取链接：http://law1.law-star.com/law?fn=chl579s932.txt&truetag=2493&titles=%E5%8A%B3%E5%8A%A8%E6%B3%95&contents=&dbt=chl
正在爬取链接：http://law1.law-star.com/law?fn=chl578s823.txt&truetag=2447&titles=%E5%8A%B3%E5%8A%A8%E6%B3%95&contents=&dbt=chl
正在爬取链接：http://law1.law-star.com/law?fn=chl568s846.txt&truetag=2427&titles=%E5%8A%B3%E5%8A%A8%E6%B3%95&contents=&dbt=chl
正在爬取链接：http://law1.law-star.com/law?fn=chl568s691.txt&truetag=2417&titles=%E5%8A%B3%E5%8A%A8%E6%B3%95&contents=&dbt=chl
正在爬取链接：http://law1.law-star.com/law?fn=chl568s282.txt&truetag=2426&titles=%E5%8A%B3%E5%8A%A8%E6%B3%95&contents=&dbt=chl
正在爬取链接：http://law1.law-star.com/law?fn=chl567s543.txt&truetag=2352&titles=%E5%8A%B3%E5%8A%A8%E6%B3%95&contents=&dbt=chl
正在爬取链接：http://law1.law-star.com/law?fn=chl568s904.txt&truetag=2431&titles=%E5%8A%B3%E5%8A%A8%E6%B3%95&contents=&dbt=chl
正在爬取链接：http://law1.law-star.com/law?fn=chl566s845.txt&truetag=2318&titles=%E5%8A%B3%E5%8A%A8%E6%B3%95&contents=&dbt=chl
正在爬取链接：http://law1.law-star.com/law?fn=chl567s695.txt&truetag=2358&titles=%E5%8A%B3%E5%8A%A8%E6%B3%95&contents=&dbt=chl
正在爬取链接：http://law1.law-star.com/law?fn=chl568s144.txt&truetag=2378&titles=%E5%8A%B3%E5%8A%A8%E6%B3%95&contents=&dbt=chl
正在爬取链接：http://law1.law-star.com/law?fn=chl567s758.txt&truetag=2361&titles=%E5%8A%B3%E5%8A%A8%E6%B3%95&contents=&dbt=chl
正在爬取链接：http://law1.law-star.com/law?fn=chl567s744.txt&truetag=2362&titles=%E5%8A%B3%E5%8A%A8%E6%B3%95&contents=&dbt=chl
正在爬取链接：http://law1.law-star.com/law?fn=chl568s795.txt&truetag=2425&titles=%E5%8A%B3%E5%8A%A8%E6%B3%95&contents=&dbt=chl
正在爬取链接：http://law1.law-star.com/law?fn=chl567s757.txt&truetag=2361&titles=%E5%8A%B3%E5%8A%A8%E6%B3%95&contents=&dbt=chl
正在爬取链接：http://law1.law-star.com/law?fn=chl567s765.txt&truetag=2361&titles=%E5%8A%B3%E5%8A%A8%E6%B3%95&contents=&dbt=chl
正在爬取链接：http://law1.law-star.com/law?fn=chl567s760.txt&truetag=2361&titles=%E5%8A%B3%E5%8A%A8%E6%B3%95&contents=&dbt=chl
正在爬取链接：http://law1.law-star.com/law?fn=chl567s594.txt&truetag=2354&titles=%E5%8A%B3%E5%8A%A8%E6%B3%95&contents=&dbt=chl
正在爬取链接：http://law1.law-star.com/law?fn=chl566s031.txt&truetag=2253&titles=%E5%8A%B3%E5%8A%A8%E6%B3%95&contents=&dbt=chl
正在爬取链接：http://law1.law-star.com/law?fn=chl568s729.txt&truetag=2420&titles=%E5%8A%B3%E5%8A%A8%E6%B3%95&contents=&dbt=chl
正在爬取链接：http://law1.law-star.com/law?fn=chl565s628.txt&truetag=2205&titles=%E5%8A%B3%E5%8A%A8%E6%B3%95&contents=&dbt=chl
正在爬取链接：http://law1.law-star.com/law?fn=chl565s909.txt&truetag=2235&titles=%E5%8A%B3%E5%8A%A8%E6%B3%95&contents=&dbt=chl
正在爬取链接：http://law1.law-star.com/law?fn=chl565s630.txt&truetag=2205&titles=%E5%8A%B3%E5%8A%A8%E6%B3%95&contents=&dbt=chl
正在爬取链接：http://law1.law-star.com/law?fn=chl565s633.txt&truetag=2205&titles=%E5%8A%B3%E5%8A%A8%E6%B3%95&contents=&dbt=chl
正在爬取链接：http://law1.law-star.com/law?fn=chl565s484.txt&truetag=2194&titles=%E5%8A%B3%E5%8A%A8%E6%B3%95&contents=&dbt=chl
正在爬取链接：http://law1.law-star.com/law?fn=chl565s428.txt&truetag=2191&titles=%E5%8A%B3%E5%8A%A8%E6%B3%95&contents=&dbt=chl
正在爬取链接：http://law1.law-star.com/law?fn=chl565s430.txt&truetag=2191&titles=%E5%8A%B3%E5%8A%A8%E6%B3%95&contents=&dbt=chl
正在爬取链接：http://law1.law-star.com/law?fn=chl564s208.txt&truetag=2154&titles=%E5%8A%B3%E5%8A%A8%E6%B3%95&contents=&dbt=chl
正在爬取链接：http://law1.law-star.com/law?fn=chl568s907.txt&truetag=2431&titles=%E5%8A%B3%E5%8A%A8%E6%B3%95&contents=&dbt=chl
正在爬取链接：http://law1.law-star.com/law?fn=chl563s366.txt&truetag=2127&titles=%E5%8A%B3%E5%8A%A8%E6%B3%95&contents=&dbt=chl
正在爬取链接：http://law1.law-star.com/law?fn=chl569s322.txt&truetag=2437&titles=%E5%8A%B3%E5%8A%A8%E6%B3%95&contents=&dbt=chl
正在爬取链接：http://law1.law-star.com/law?fn=chl562s406.txt&truetag=2094&titles=%E5%8A%B3%E5%8A%A8%E6%B3%95&contents=&dbt=chl
正在爬取链接：http://law1.law-star.com/law?fn=chl568s908.txt&truetag=2431&titles=%E5%8A%B3%E5%8A%A8%E6%B3%95&contents=&dbt=chl
正在爬取链接：http://law1.law-star.com/law?fn=chl543s623.txt&truetag=1990&titles=%E5%8A%B3%E5%8A%A8%E6%B3%95&contents=&dbt=chl
正在爬取链接：http://law1.law-star.com/law?fn=chl543s722.txt&truetag=1994&titles=%E5%8A%B3%E5%8A%A8%E6%B3%95&contents=&dbt=chl
正在爬取链接：http://law1.law-star.com/law?fn=chl543s207.txt&truetag=1972&titles=%E5%8A%B3%E5%8A%A8%E6%B3%95&contents=&dbt=chl
正在爬取链接：http://law1.law-star.com/law?fn=chl542s371.txt&truetag=1940&titles=%E5%8A%B3%E5%8A%A8%E6%B3%95&contents=&dbt=chl
爬取这一页共耗时4.901874780654907秒
第8页***
正在爬取链接：http://law1.law-star.com/search?kw=%E5%8A%B3%E5%8A%A8%E6%B3%95&dbt=chl&dbt=lar&ps=50&sort=imp&p=8
正在爬取链接：http://law1.law-star.com/law?fn=chl542s170.txt&truetag=1934&titles=%E5%8A%B3%E5%8A%A8%E6%B3%95&contents=&dbt=chl
正在爬取链接：http://law1.law-star.com/law?fn=chl539s832.txt&truetag=1874&titles=%E5%8A%B3%E5%8A%A8%E6%B3%95&contents=&dbt=chl
正在爬取链接：http://law1.law-star.com/law?fn=chl538s688.txt&truetag=1844&titles=%E5%8A%B3%E5%8A%A8%E6%B3%95&contents=&dbt=chl
正在爬取链接：http://law1.law-star.com/law?fn=chl538s483.txt&truetag=1838&titles=%E5%8A%B3%E5%8A%A8%E6%B3%95&contents=&dbt=chl
正在爬取链接：http://law1.law-star.com/law?fn=chl537s185.txt&truetag=1801&titles=%E5%8A%B3%E5%8A%A8%E6%B3%95&contents=&dbt=chl
正在爬取链接：http://law1.law-star.com/law?fn=chl535s606.txt&truetag=1746&titles=%E5%8A%B3%E5%8A%A8%E6%B3%95&contents=&dbt=chl
正在爬取链接：http://law1.law-star.com/law?fn=chl480s710.txt&truetag=2553&titles=%E5%8A%B3%E5%8A%A8%E6%B3%95&contents=&dbt=chl
正在爬取链接：http://law1.law-star.com/law?fn=chl535s184.txt&truetag=1726&titles=%E5%8A%B3%E5%8A%A8%E6%B3%95&contents=&dbt=chl
正在爬取链接：http://law1.law-star.com/law?fn=chl535s370.txt&truetag=1736&titles=%E5%8A%B3%E5%8A%A8%E6%B3%95&contents=&dbt=chl
正在爬取链接：http://law1.law-star.com/law?fn=chl533s798.txt&truetag=1676&titles=%E5%8A%B3%E5%8A%A8%E6%B3%95&contents=&dbt=chl
正在爬取链接：http://law1.law-star.com/law?fn=chl534s710.txt&truetag=1706&titles=%E5%8A%B3%E5%8A%A8%E6%B3%95&contents=&dbt=chl
正在爬取链接：http://law1.law-star.com/law?fn=chl528s955.txt&truetag=1602&titles=%E5%8A%B3%E5%8A%A8%E6%B3%95&contents=&dbt=chl
正在爬取链接：http://law1.law-star.com/law?fn=chl528s548.txt&truetag=1584&titles=%E5%8A%B3%E5%8A%A8%E6%B3%95&contents=&dbt=chl
正在爬取链接：http://law1.law-star.com/law?fn=chl527s850.txt&truetag=1559&titles=%E5%8A%B3%E5%8A%A8%E6%B3%95&contents=&dbt=chl
正在爬取链接：http://law1.law-star.com/law?fn=chl540s252.txt&truetag=1885&titles=%E5%8A%B3%E5%8A%A8%E6%B3%95&contents=&dbt=chl
正在爬取链接：http://law1.law-star.com/law?fn=chl528s809.txt&truetag=1597&titles=%E5%8A%B3%E5%8A%A8%E6%B3%95&contents=&dbt=chl
正在爬取链接：http://law1.law-star.com/law?fn=chl533s523.txt&truetag=1664&titles=%E5%8A%B3%E5%8A%A8%E6%B3%95&contents=&dbt=chl
正在爬取链接：http://law1.law-star.com/law?fn=chl528s649.txt&truetag=1587&titles=%E5%8A%B3%E5%8A%A8%E6%B3%95&contents=&dbt=chl
正在爬取链接：http://law1.law-star.com/law?fn=chl526s828.txt&truetag=1923&titles=%E5%8A%B3%E5%8A%A8%E6%B3%95&contents=&dbt=chl
正在爬取链接：http://law1.law-star.com/law?fn=chl525s173.txt&truetag=1423&titles=%E5%8A%B3%E5%8A%A8%E6%B3%95&contents=&dbt=chl
正在爬取链接：http://law1.law-star.com/law?fn=chl524s586.txt&truetag=1395&titles=%E5%8A%B3%E5%8A%A8%E6%B3%95&contents=&dbt=chl
正在爬取链接：http://law1.law-star.com/law?fn=chl524s552.txt&truetag=1394&titles=%E5%8A%B3%E5%8A%A8%E6%B3%95&contents=&dbt=chl
正在爬取链接：http://law1.law-star.com/law?fn=chl530s516.txt&truetag=1625&titles=%E5%8A%B3%E5%8A%A8%E6%B3%95&contents=&dbt=chl
正在爬取链接：http://law1.law-star.com/law?fn=chl523s118.txt&truetag=1334&titles=%E5%8A%B3%E5%8A%A8%E6%B3%95&contents=&dbt=chl
正在爬取链接：http://law1.law-star.com/law?fn=chl523s151.txt&truetag=1336&titles=%E5%8A%B3%E5%8A%A8%E6%B3%95&contents=&dbt=chl
正在爬取链接：http://law1.law-star.com/law?fn=chl404s870.txt&truetag=1313&titles=%E5%8A%B3%E5%8A%A8%E6%B3%95&contents=&dbt=chl
正在爬取链接：http://law1.law-star.com/law?fn=chl404s102.txt&truetag=1279&titles=%E5%8A%B3%E5%8A%A8%E6%B3%95&contents=&dbt=chl
正在爬取链接：http://law1.law-star.com/law?fn=chl404s104.txt&truetag=1279&titles=%E5%8A%B3%E5%8A%A8%E6%B3%95&contents=&dbt=chl
正在爬取链接：http://law1.law-star.com/law?fn=chl403s548.txt&truetag=1257&titles=%E5%8A%B3%E5%8A%A8%E6%B3%95&contents=&dbt=chl
正在爬取链接：http://law1.law-star.com/law?fn=chl402s560.txt&truetag=1217&titles=%E5%8A%B3%E5%8A%A8%E6%B3%95&contents=&dbt=chl
正在爬取链接：http://law1.law-star.com/law?fn=chl532s212.txt&truetag=1634&titles=%E5%8A%B3%E5%8A%A8%E6%B3%95&contents=&dbt=chl
正在爬取链接：http://law1.law-star.com/law?fn=chl524s556.txt&truetag=1394&titles=%E5%8A%B3%E5%8A%A8%E6%B3%95&contents=&dbt=chl
正在爬取链接：http://law1.law-star.com/law?fn=chl401s389.txt&truetag=1164&titles=%E5%8A%B3%E5%8A%A8%E6%B3%95&contents=&dbt=chl
正在爬取链接：http://law1.law-star.com/law?fn=chl399s791.txt&truetag=1090&titles=%E5%8A%B3%E5%8A%A8%E6%B3%95&contents=&dbt=chl
正在爬取链接：http://law1.law-star.com/law?fn=chl412s369.txt&truetag=800&titles=%E5%8A%B3%E5%8A%A8%E6%B3%95&contents=&dbt=chl
正在爬取链接：http://law1.law-star.com/law?fn=chl398s785.txt&truetag=1042&titles=%E5%8A%B3%E5%8A%A8%E6%B3%95&contents=&dbt=chl
正在爬取链接：http://law1.law-star.com/law?fn=chl399s302.txt&truetag=1069&titles=%E5%8A%B3%E5%8A%A8%E6%B3%95&contents=&dbt=chl
正在爬取链接：http://law1.law-star.com/law?fn=chl412s610.txt&truetag=800&titles=%E5%8A%B3%E5%8A%A8%E6%B3%95&contents=&dbt=chl
正在爬取链接：http://law1.law-star.com/law?fn=chl414s550.txt&truetag=800&titles=%E5%8A%B3%E5%8A%A8%E6%B3%95&contents=&dbt=chl
正在爬取链接：http://law1.law-star.com/law?fn=chl415s041.txt&truetag=800&titles=%E5%8A%B3%E5%8A%A8%E6%B3%95&contents=&dbt=chl
正在爬取链接：http://law1.law-star.com/law?fn=chl396s858.txt&truetag=955&titles=%E5%8A%B3%E5%8A%A8%E6%B3%95&contents=&dbt=chl
正在爬取链接：http://law1.law-star.com/law?fn=chl420s217.txt&truetag=801&titles=%E5%8A%B3%E5%8A%A8%E6%B3%95&contents=&dbt=chl
正在爬取链接：http://law1.law-star.com/law?fn=chl394s204.txt&truetag=836&titles=%E5%8A%B3%E5%8A%A8%E6%B3%95&contents=&dbt=chl
正在爬取链接：http://law1.law-star.com/law?fn=chl394s611.txt&truetag=855&titles=%E5%8A%B3%E5%8A%A8%E6%B3%95&contents=&dbt=chl
正在爬取链接：http://law1.law-star.com/law?fn=chl392s786.txt&truetag=768&titles=%E5%8A%B3%E5%8A%A8%E6%B3%95&contents=&dbt=chl
正在爬取链接：http://law1.law-star.com/law?fn=chl424s451.txt&truetag=801&titles=%E5%8A%B3%E5%8A%A8%E6%B3%95&contents=&dbt=chl
正在爬取链接：http://law1.law-star.com/law?fn=chl424s894.txt&truetag=801&titles=%E5%8A%B3%E5%8A%A8%E6%B3%95&contents=&dbt=chl
正在爬取链接：http://law1.law-star.com/law?fn=chl424s904.txt&truetag=801&titles=%E5%8A%B3%E5%8A%A8%E6%B3%95&contents=&dbt=chl
正在爬取链接：http://law1.law-star.com/law?fn=chl425s868.txt&truetag=801&titles=%E5%8A%B3%E5%8A%A8%E6%B3%95&contents=&dbt=chl
正在爬取链接：http://law1.law-star.com/law?fn=chl426s598.txt&truetag=801&titles=%E5%8A%B3%E5%8A%A8%E6%B3%95&contents=&dbt=chl
爬取这一页共耗时8.911997079849243秒
第9页***
正在爬取链接：http://law1.law-star.com/search?kw=%E5%8A%B3%E5%8A%A8%E6%B3%95&dbt=chl&dbt=lar&ps=50&sort=imp&p=9
正在爬取链接：http://law1.law-star.com/law?fn=chl391s870.txt&truetag=726&titles=%E5%8A%B3%E5%8A%A8%E6%B3%95&contents=&dbt=chl
正在爬取链接：http://law1.law-star.com/law?fn=chl391s218.txt&truetag=697&titles=%E5%8A%B3%E5%8A%A8%E6%B3%95&contents=&dbt=chl
正在爬取链接：http://law1.law-star.com/law?fn=chl391s026.txt&truetag=689&titles=%E5%8A%B3%E5%8A%A8%E6%B3%95&contents=&dbt=chl
正在爬取链接：http://law1.law-star.com/law?fn=chl389s098.txt&truetag=601&titles=%E5%8A%B3%E5%8A%A8%E6%B3%95&contents=&dbt=chl
正在爬取链接：http://law1.law-star.com/law?fn=chl388s898.txt&truetag=591&titles=%E5%8A%B3%E5%8A%A8%E6%B3%95&contents=&dbt=chl
正在爬取链接：http://law1.law-star.com/law?fn=chl433s047.txt&truetag=802&titles=%E5%8A%B3%E5%8A%A8%E6%B3%95&contents=&dbt=chl
正在爬取链接：http://law1.law-star.com/law?fn=chl388s673.txt&truetag=579&titles=%E5%8A%B3%E5%8A%A8%E6%B3%95&contents=&dbt=chl
正在爬取链接：http://law1.law-star.com/law?fn=chl388s309.txt&truetag=561&titles=%E5%8A%B3%E5%8A%A8%E6%B3%95&contents=&dbt=chl
正在爬取链接：http://law1.law-star.com/law?fn=chl433s865.txt&truetag=802&titles=%E5%8A%B3%E5%8A%A8%E6%B3%95&contents=&dbt=chl
正在爬取链接：http://law1.law-star.com/law?fn=chl387s933.txt&truetag=545&titles=%E5%8A%B3%E5%8A%A8%E6%B3%95&contents=&dbt=chl
正在爬取链接：http://law1.law-star.com/law?fn=chl386s500.txt&truetag=487&titles=%E5%8A%B3%E5%8A%A8%E6%B3%95&contents=&dbt=chl
正在爬取链接：http://law1.law-star.com/law?fn=chl386s069.txt&truetag=468&titles=%E5%8A%B3%E5%8A%A8%E6%B3%95&contents=&dbt=chl
正在爬取链接：http://law1.law-star.com/law?fn=chl385s797.txt&truetag=451&titles=%E5%8A%B3%E5%8A%A8%E6%B3%95&contents=&dbt=chl
正在爬取链接：http://law1.law-star.com/law?fn=chl385s596.txt&truetag=443&titles=%E5%8A%B3%E5%8A%A8%E6%B3%95&contents=&dbt=chl
正在爬取链接：http://law1.law-star.com/law?fn=chl385s232.txt&truetag=429&titles=%E5%8A%B3%E5%8A%A8%E6%B3%95&contents=&dbt=chl
正在爬取链接：http://law1.law-star.com/law?fn=chl384s988.txt&truetag=420&titles=%E5%8A%B3%E5%8A%A8%E6%B3%95&contents=&dbt=chl
正在爬取链接：http://law1.law-star.com/law?fn=chl384s888.txt&truetag=416&titles=%E5%8A%B3%E5%8A%A8%E6%B3%95&contents=&dbt=chl
正在爬取链接：http://law1.law-star.com/law?fn=chl384s564.txt&truetag=404&titles=%E5%8A%B3%E5%8A%A8%E6%B3%95&contents=&dbt=chl
正在爬取链接：http://law1.law-star.com/law?fn=chl384s495.txt&truetag=402&titles=%E5%8A%B3%E5%8A%A8%E6%B3%95&contents=&dbt=chl
正在爬取链接：http://law1.law-star.com/law?fn=chl383s629.txt&truetag=368&titles=%E5%8A%B3%E5%8A%A8%E6%B3%95&contents=&dbt=chl
正在爬取链接：http://law1.law-star.com/law?fn=chl444s329.txt&truetag=803&titles=%E5%8A%B3%E5%8A%A8%E6%B3%95&contents=&dbt=chl
正在爬取链接：http://law1.law-star.com/law?fn=chl383s485.txt&truetag=363&titles=%E5%8A%B3%E5%8A%A8%E6%B3%95&contents=&dbt=chl
正在爬取链接：http://law1.law-star.com/law?fn=chl382s564.txt&truetag=2064&titles=%E5%8A%B3%E5%8A%A8%E6%B3%95&contents=&dbt=chl
正在爬取链接：http://law1.law-star.com/law?fn=chl446s074.txt&truetag=803&titles=%E5%8A%B3%E5%8A%A8%E6%B3%95&contents=&dbt=chl
正在爬取链接：http://law1.law-star.com/law?fn=chl382s485.txt&truetag=322&titles=%E5%8A%B3%E5%8A%A8%E6%B3%95&contents=&dbt=chl
正在爬取链接：http://law1.law-star.com/law?fn=chl447s578.txt&truetag=804&titles=%E5%8A%B3%E5%8A%A8%E6%B3%95&contents=&dbt=chl
正在爬取链接：http://law1.law-star.com/law?fn=chl381s490.txt&truetag=281&titles=%E5%8A%B3%E5%8A%A8%E6%B3%95&contents=&dbt=chl
正在爬取链接：http://law1.law-star.com/law?fn=chl448s441.txt&truetag=804&titles=%E5%8A%B3%E5%8A%A8%E6%B3%95&contents=&dbt=chl
正在爬取链接：http://law1.law-star.com/law?fn=chl448s463.txt&truetag=804&titles=%E5%8A%B3%E5%8A%A8%E6%B3%95&contents=&dbt=chl
正在爬取链接：http://law1.law-star.com/law?fn=chl381s111.txt&truetag=264&titles=%E5%8A%B3%E5%8A%A8%E6%B3%95&contents=&dbt=chl
正在爬取链接：http://law1.law-star.com/law?fn=chl380s558.txt&truetag=296&titles=%E5%8A%B3%E5%8A%A8%E6%B3%95&contents=&dbt=chl
正在爬取链接：http://law1.law-star.com/law?fn=chl379s945.txt&truetag=214&titles=%E5%8A%B3%E5%8A%A8%E6%B3%95&contents=&dbt=chl
正在爬取链接：http://law1.law-star.com/law?fn=chl451s302.txt&truetag=804&titles=%E5%8A%B3%E5%8A%A8%E6%B3%95&contents=&dbt=chl
正在爬取链接：http://law1.law-star.com/law?fn=chl452s069.txt&truetag=804&titles=%E5%8A%B3%E5%8A%A8%E6%B3%95&contents=&dbt=chl
正在爬取链接：http://law1.law-star.com/law?fn=chl452s374.txt&truetag=804&titles=%E5%8A%B3%E5%8A%A8%E6%B3%95&contents=&dbt=chl
正在爬取链接：http://law1.law-star.com/law?fn=chl379s247.txt&truetag=184&titles=%E5%8A%B3%E5%8A%A8%E6%B3%95&contents=&dbt=chl
正在爬取链接：http://law1.law-star.com/law?fn=chl379s251.txt&truetag=184&titles=%E5%8A%B3%E5%8A%A8%E6%B3%95&contents=&dbt=chl
正在爬取链接：http://law1.law-star.com/law?fn=chl452s696.txt&truetag=804&titles=%E5%8A%B3%E5%8A%A8%E6%B3%95&contents=&dbt=chl
正在爬取链接：http://law1.law-star.com/law?fn=chl378s920.txt&truetag=170&titles=%E5%8A%B3%E5%8A%A8%E6%B3%95&contents=&dbt=chl
正在爬取链接：http://law1.law-star.com/law?fn=chl378s921.txt&truetag=170&titles=%E5%8A%B3%E5%8A%A8%E6%B3%95&contents=&dbt=chl
正在爬取链接：http://law1.law-star.com/law?fn=chl452s979.txt&truetag=804&titles=%E5%8A%B3%E5%8A%A8%E6%B3%95&contents=&dbt=chl
正在爬取链接：http://law1.law-star.com/law?fn=chl454s023.txt&truetag=804&titles=%E5%8A%B3%E5%8A%A8%E6%B3%95&contents=&dbt=chl
正在爬取链接：http://law1.law-star.com/law?fn=chl454s223.txt&truetag=804&titles=%E5%8A%B3%E5%8A%A8%E6%B3%95&contents=&dbt=chl
正在爬取链接：http://law1.law-star.com/law?fn=chl454s422.txt&truetag=804&titles=%E5%8A%B3%E5%8A%A8%E6%B3%95&contents=&dbt=chl
正在爬取链接：http://law1.law-star.com/law?fn=chl454s782.txt&truetag=804&titles=%E5%8A%B3%E5%8A%A8%E6%B3%95&contents=&dbt=chl
正在爬取链接：http://law1.law-star.com/law?fn=chl380s068.txt&truetag=219&titles=%E5%8A%B3%E5%8A%A8%E6%B3%95&contents=&dbt=chl
正在爬取链接：http://law1.law-star.com/law?fn=chl455s196.txt&truetag=804&titles=%E5%8A%B3%E5%8A%A8%E6%B3%95&contents=&dbt=chl
正在爬取链接：http://law1.law-star.com/law?fn=chl455s202.txt&truetag=804&titles=%E5%8A%B3%E5%8A%A8%E6%B3%95&contents=&dbt=chl
正在爬取链接：http://law1.law-star.com/law?fn=chl455s458.txt&truetag=804&titles=%E5%8A%B3%E5%8A%A8%E6%B3%95&contents=&dbt=chl
正在爬取链接：http://law1.law-star.com/law?fn=chl377s693.txt&truetag=114&titles=%E5%8A%B3%E5%8A%A8%E6%B3%95&contents=&dbt=chl
爬取这一页共耗时4.140108585357666秒
第10页***
正在爬取链接：http://law1.law-star.com/search?kw=%E5%8A%B3%E5%8A%A8%E6%B3%95&dbt=chl&dbt=lar&ps=50&sort=imp&p=10
正在爬取链接：http://law1.law-star.com/law?fn=chl456s443.txt&truetag=804&titles=%E5%8A%B3%E5%8A%A8%E6%B3%95&contents=&dbt=chl
正在爬取链接：http://law1.law-star.com/law?fn=chl376s437.txt&truetag=57&titles=%E5%8A%B3%E5%8A%A8%E6%B3%95&contents=&dbt=chl
正在爬取链接：http://law1.law-star.com/law?fn=chl376s439.txt&truetag=57&titles=%E5%8A%B3%E5%8A%A8%E6%B3%95&contents=&dbt=chl
正在爬取链接：http://law1.law-star.com/law?fn=chl459s098.txt&truetag=805&titles=%E5%8A%B3%E5%8A%A8%E6%B3%95&contents=&dbt=chl
正在爬取链接：http://law1.law-star.com/law?fn=chl459s846.txt&truetag=805&titles=%E5%8A%B3%E5%8A%A8%E6%B3%95&contents=&dbt=chl
正在爬取链接：http://law1.law-star.com/law?fn=chl375s867.txt&truetag=457&titles=%E5%8A%B3%E5%8A%A8%E6%B3%95&contents=&dbt=chl
正在爬取链接：http://law1.law-star.com/law?fn=chl460s031.txt&truetag=805&titles=%E5%8A%B3%E5%8A%A8%E6%B3%95&contents=&dbt=chl
正在爬取链接：http://law1.law-star.com/law?fn=chl375s153.txt&truetag=8&titles=%E5%8A%B3%E5%8A%A8%E6%B3%95&contents=&dbt=chl
正在爬取链接：http://law1.law-star.com/law?fn=chl375s182.txt&truetag=8&titles=%E5%8A%B3%E5%8A%A8%E6%B3%95&contents=&dbt=chl
正在爬取链接：http://law1.law-star.com/law?fn=chl373s259.txt&truetag=8&titles=%E5%8A%B3%E5%8A%A8%E6%B3%95&contents=&dbt=chl
正在爬取链接：http://law1.law-star.com/law?fn=chl466s490.txt&truetag=805&titles=%E5%8A%B3%E5%8A%A8%E6%B3%95&contents=&dbt=chl
正在爬取链接：http://law1.law-star.com/law?fn=chl466s694.txt&truetag=805&titles=%E5%8A%B3%E5%8A%A8%E6%B3%95&contents=&dbt=chl
正在爬取链接：http://law1.law-star.com/law?fn=chl466s701.txt&truetag=805&titles=%E5%8A%B3%E5%8A%A8%E6%B3%95&contents=&dbt=chl
正在爬取链接：http://law1.law-star.com/law?fn=chl467s439.txt&truetag=805&titles=%E5%8A%B3%E5%8A%A8%E6%B3%95&contents=&dbt=chl
正在爬取链接：http://law1.law-star.com/law?fn=chl467s499.txt&truetag=805&titles=%E5%8A%B3%E5%8A%A8%E6%B3%95&contents=&dbt=chl
正在爬取链接：http://law1.law-star.com/law?fn=chl371s608.txt&truetag=8&titles=%E5%8A%B3%E5%8A%A8%E6%B3%95&contents=&dbt=chl
正在爬取链接：http://law1.law-star.com/law?fn=chl371s609.txt&truetag=8&titles=%E5%8A%B3%E5%8A%A8%E6%B3%95&contents=&dbt=chl
正在爬取链接：http://law1.law-star.com/law?fn=chl369s242.txt&truetag=8&titles=%E5%8A%B3%E5%8A%A8%E6%B3%95&contents=&dbt=chl
正在爬取链接：http://law1.law-star.com/law?fn=chl369s338.txt&truetag=8&titles=%E5%8A%B3%E5%8A%A8%E6%B3%95&contents=&dbt=chl
正在爬取链接：http://law1.law-star.com/law?fn=chl369s426.txt&truetag=8&titles=%E5%8A%B3%E5%8A%A8%E6%B3%95&contents=&dbt=chl
正在爬取链接：http://law1.law-star.com/law?fn=chl368s944.txt&truetag=8&titles=%E5%8A%B3%E5%8A%A8%E6%B3%95&contents=&dbt=chl
正在爬取链接：http://law1.law-star.com/law?fn=chl369s092.txt&truetag=8&titles=%E5%8A%B3%E5%8A%A8%E6%B3%95&contents=&dbt=chl
正在爬取链接：http://law1.law-star.com/law?fn=chl367s727.txt&truetag=457&titles=%E5%8A%B3%E5%8A%A8%E6%B3%95&contents=&dbt=chl
正在爬取链接：http://law1.law-star.com/law?fn=chl472s655.txt&truetag=806&titles=%E5%8A%B3%E5%8A%A8%E6%B3%95&contents=&dbt=chl
正在爬取链接：http://law1.law-star.com/law?fn=chl366s457.txt&truetag=8&titles=%E5%8A%B3%E5%8A%A8%E6%B3%95&contents=&dbt=chl
正在爬取链接：http://law1.law-star.com/law?fn=chl472s855.txt&truetag=806&titles=%E5%8A%B3%E5%8A%A8%E6%B3%95&contents=&dbt=chl
正在爬取链接：http://law1.law-star.com/law?fn=chl473s129.txt&truetag=806&titles=%E5%8A%B3%E5%8A%A8%E6%B3%95&contents=&dbt=chl
正在爬取链接：http://law1.law-star.com/law?fn=chl473s143.txt&truetag=806&titles=%E5%8A%B3%E5%8A%A8%E6%B3%95&contents=&dbt=chl
正在爬取链接：http://law1.law-star.com/law?fn=chl368s263.txt&truetag=8&titles=%E5%8A%B3%E5%8A%A8%E6%B3%95&contents=&dbt=chl
正在爬取链接：http://law1.law-star.com/law?fn=chl474s233.txt&truetag=806&titles=%E5%8A%B3%E5%8A%A8%E6%B3%95&contents=&dbt=chl
正在爬取链接：http://law1.law-star.com/law?fn=chl364s488.txt&truetag=296&titles=%E5%8A%B3%E5%8A%A8%E6%B3%95&contents=&dbt=chl
正在爬取链接：http://law1.law-star.com/law?fn=chl364s257.txt&truetag=2&titles=%E5%8A%B3%E5%8A%A8%E6%B3%95&contents=&dbt=chl
正在爬取链接：http://law1.law-star.com/law?fn=chl363s317.txt&truetag=2&titles=%E5%8A%B3%E5%8A%A8%E6%B3%95&contents=&dbt=chl
正在爬取链接：http://law1.law-star.com/law?fn=chl363s536.txt&truetag=2&titles=%E5%8A%B3%E5%8A%A8%E6%B3%95&contents=&dbt=chl
正在爬取链接：http://law1.law-star.com/law?fn=chl475s925.txt&truetag=806&titles=%E5%8A%B3%E5%8A%A8%E6%B3%95&contents=&dbt=chl
正在爬取链接：http://law1.law-star.com/law?fn=chl363s350.txt&truetag=2&titles=%E5%8A%B3%E5%8A%A8%E6%B3%95&contents=&dbt=chl
正在爬取链接：http://law1.law-star.com/law?fn=chl362s818.txt&truetag=2&titles=%E5%8A%B3%E5%8A%A8%E6%B3%95&contents=&dbt=chl
正在爬取链接：http://law1.law-star.com/law?fn=chl362s152.txt&truetag=8&titles=%E5%8A%B3%E5%8A%A8%E6%B3%95&contents=&dbt=chl
正在爬取链接：http://law1.law-star.com/law?fn=chl361s973.txt&truetag=8&titles=%E5%8A%B3%E5%8A%A8%E6%B3%95&contents=&dbt=chl
正在爬取链接：http://law1.law-star.com/law?fn=chl477s606.txt&truetag=806&titles=%E5%8A%B3%E5%8A%A8%E6%B3%95&contents=&dbt=chl
正在爬取链接：http://law1.law-star.com/law?fn=chl362s230.txt&truetag=1917&titles=%E5%8A%B3%E5%8A%A8%E6%B3%95&contents=&dbt=chl
正在爬取链接：http://law1.law-star.com/law?fn=chl361s298.txt&truetag=2&titles=%E5%8A%B3%E5%8A%A8%E6%B3%95&contents=&dbt=chl
正在爬取链接：http://law1.law-star.com/law?fn=chl361s343.txt&truetag=2&titles=%E5%8A%B3%E5%8A%A8%E6%B3%95&contents=&dbt=chl
正在爬取链接：http://law1.law-star.com/law?fn=chl362s357.txt&truetag=2&titles=%E5%8A%B3%E5%8A%A8%E6%B3%95&contents=&dbt=chl
正在爬取链接：http://law1.law-star.com/law?fn=chl478s571.txt&truetag=807&titles=%E5%8A%B3%E5%8A%A8%E6%B3%95&contents=&dbt=chl
正在爬取链接：http://law1.law-star.com/law?fn=chl360s665.txt&truetag=2&titles=%E5%8A%B3%E5%8A%A8%E6%B3%95&contents=&dbt=chl
正在爬取链接：http://law1.law-star.com/law?fn=chl360s465.txt&truetag=2&titles=%E5%8A%B3%E5%8A%A8%E6%B3%95&contents=&dbt=chl
正在爬取链接：http://law1.law-star.com/law?fn=chl360s204.txt&truetag=2&titles=%E5%8A%B3%E5%8A%A8%E6%B3%95&contents=&dbt=chl
正在爬取链接：http://law1.law-star.com/law?fn=chl360s063.txt&truetag=296&titles=%E5%8A%B3%E5%8A%A8%E6%B3%95&contents=&dbt=chl
正在爬取链接：http://law1.law-star.com/law?fn=chl359s832.txt&truetag=8&titles=%E5%8A%B3%E5%8A%A8%E6%B3%95&contents=&dbt=chl
爬取结束，总耗时：98.77
